This is pdfTeX, Version 3.141592653-2.6-1.40.26 (TeX Live 2024) (preloaded format=latex 2024.4.5)  5 APR 2024 23:25
entering extended mode
 restricted \write18 enabled.
 file:line:error style messages enabled.
 %&-line parsing enabled.
**/Users/toipot/Documents/github/B4/newcomer/1/report.tex
(/Users/toipot/Documents/github/B4/newcomer/1/report.tex
LaTeX2e <2023-11-01> patch level 1
L3 programming layer <2024-03-14>
(/usr/local/texlive/2024/texmf-dist/tex/luatex/luatexja/ltjsarticle.cls
Document Class: ltjsarticle 2022/09/12 ltjsclasses 
(/usr/local/texlive/2024/texmf-dist/tex/luatex/luatexja/luatexja.sty
Package: luatexja 2024-02-19 Japanese Typesetting with Lua(La)TeX
 (/usr/local/texlive/2024/texmf-dist/tex/luatex/luatexja/luatexja-core.sty
Package: luatexja-core 2023-04-06 Core of LuaTeX-ja
 (/usr/local/texlive/2024/texmf-dist/tex/generic/infwarerr/infwarerr.sty
Package: infwarerr 2019/12/03 v1.5 Providing info/warning/error messages (HO)
)

/usr/local/texlive/2024/texmf-dist/tex/luatex/luatexja/luatexja-core.sty:79: Package luatexja-core Error: This package requires Lua(HB)(La)TeX.

See the luatexja-core package documentation for explanation.
Type  H <return>  for immediate help.
 ...                                              
                                                  
l.79 ...e}{This package requires Lua(HB)(La)TeX}{}
                                                   
Here is how much of TeX's memory you used:
 109 strings out of 474105
 3000 string characters out of 5743494
 1925490 words of memory out of 5000000
 22563 multiletter control sequences out of 15000+600000
 558069 words of font info for 36 fonts, out of 8000000 for 9000
 1141 hyphenation exceptions out of 8191
 72i,0n,79p,228b,17s stack positions out of 10000i,1000n,20000p,200000b,200000s

No pages of output.
